<?xml version="1.0" encoding="UTF-8"?>
<!-- Generated by org.testng.reporters.JUnitReportReporter -->
<testsuite hostname="cobalt" name="ca.on.oicr.pde.common.WorkflowRunTest" tests="8" failures="0" timestamp="22 Jan 2014 21:36:11 GMT" time="162.582" errors="0">
  <testcase name="initializeEnvironment" time="0.221" classname="ca.on.oicr.pde.common.WorkflowRunTest"/>
  <testcase name="checkWorkflowOutputExists" time="0.006" classname="ca.on.oicr.pde.common.WorkflowRunTest"/>
  <testcase name="compareOutputToExpected" time="0.268" classname="ca.on.oicr.pde.common.WorkflowRunTest"/>
  <testcase name="executeWorkflow" time="80.825" classname="ca.on.oicr.pde.common.WorkflowRunTest"/>
  <testcase name="executeWorkflow" time="80.832" classname="ca.on.oicr.pde.common.WorkflowRunTest"/>
  <testcase name="compareOutputToExpected" time="0.209" classname="ca.on.oicr.pde.common.WorkflowRunTest"/>
  <testcase name="checkWorkflowOutputExists" time="0.004" classname="ca.on.oicr.pde.common.WorkflowRunTest"/>
  <testcase name="initializeEnvironment" time="0.217" classname="ca.on.oicr.pde.common.WorkflowRunTest"/>
</testsuite> <!-- ca.on.oicr.pde.common.WorkflowRunTest -->
