<?xml version="1.0" encoding="UTF-8"?>
<testsuite name="TestSuite" time="81.738" tests="8" errors="0" skipped="0" failures="0">
  <properties>
    <property name="java.runtime.name" value="Java(TM) SE Runtime Environment"/>
    <property name="sun.boot.library.path" value="/oicr/x86_64/lib/jvm/jdk1.6.0_10/jre/lib/amd64"/>
    <property name="java.vm.version" value="11.0-b15"/>
    <property name="java.vm.vendor" value="Sun Microsystems Inc."/>
    <property name="java.vendor.url" value="http://java.sun.com/"/>
    <property name="path.separator" value=":"/>
    <property name="guice.disable.misplaced.annotation.check" value="true"/>
    <property name="java.vm.name" value="Java HotSpot(TM) 64-Bit Server VM"/>
    <property name="file.encoding.pkg" value="sun.io"/>
    <property name="user.country" value="CA"/>
    <property name="sun.java.launcher" value="SUN_STANDARD"/>
    <property name="sun.os.patch.level" value="unknown"/>
    <property name="java.vm.specification.name" value="Java Virtual Machine Specification"/>
    <property name="user.dir" value="/u/rsuri/Test1"/>
    <property name="java.runtime.version" value="1.6.0_10-b33"/>
    <property name="java.awt.graphicsenv" value="sun.awt.X11GraphicsEnvironment"/>
    <property name="java.endorsed.dirs" value="/oicr/x86_64/lib/jvm/jdk1.6.0_10/jre/lib/endorsed"/>
    <property name="os.arch" value="amd64"/>
    <property name="java.io.tmpdir" value="/tmp"/>
    <property name="line.separator" value="&#10;"/>
    <property name="java.vm.specification.vendor" value="Sun Microsystems Inc."/>
    <property name="os.name" value="Linux"/>
    <property name="classworlds.conf" value="/usr/share/maven/bin/m2.conf"/>
    <property name="sun.jnu.encoding" value="UTF-8"/>
    <property name="java.library.path" value="/oicr/x86_64/lib/jvm/jdk1.6.0_10/jre/lib/amd64/server:/oicr/x86_64/lib/jvm/jdk1.6.0_10/jre/lib/amd64:/oicr/x86_64/lib/jvm/jdk1.6.0_10/jre/../lib/amd64:/oicr/cluster/openmpi/lib:/oicr/local/lib:/oicr/local/analysis/lib:/usr/lib:/oicr/cluster/sge6.2/lib/lx24-amd64:/usr/java/packages/lib/amd64:/lib:/usr/lib"/>
    <property name="java.specification.name" value="Java Platform API Specification"/>
    <property name="java.class.version" value="50.0"/>
    <property name="sun.management.compiler" value="HotSpot 64-Bit Server Compiler"/>
    <property name="os.version" value="3.10.9"/>
    <property name="user.home" value="/u/rsuri"/>
    <property name="user.timezone" value="Canada/Eastern"/>
    <property name="java.awt.printerjob" value="sun.print.PSPrinterJob"/>
    <property name="file.encoding" value="UTF-8"/>
    <property name="java.specification.version" value="1.6"/>
    <property name="user.name" value="rsuri"/>
    <property name="java.class.path" value="/usr/share/maven/boot/plexus-classworlds-2.x.jar"/>
    <property name="skipITs" value="false"/>
    <property name="java.vm.specification.version" value="1.0"/>
    <property name="sun.arch.data.model" value="64"/>
    <property name="java.home" value="/oicr/x86_64/lib/jvm/jdk1.6.0_10/jre"/>
    <property name="java.specification.vendor" value="Sun Microsystems Inc."/>
    <property name="user.language" value="en"/>
    <property name="java.vm.info" value="mixed mode"/>
    <property name="java.version" value="1.6.0_10"/>
    <property name="java.ext.dirs" value="/oicr/x86_64/lib/jvm/jdk1.6.0_10/jre/lib/ext:/usr/java/packages/lib/ext"/>
    <property name="securerandom.source" value="file:/dev/./urandom"/>
    <property name="sun.boot.class.path" value="/oicr/x86_64/lib/jvm/jdk1.6.0_10/jre/lib/resources.jar:/oicr/x86_64/lib/jvm/jdk1.6.0_10/jre/lib/rt.jar:/oicr/x86_64/lib/jvm/jdk1.6.0_10/jre/lib/sunrsasign.jar:/oicr/x86_64/lib/jvm/jdk1.6.0_10/jre/lib/jsse.jar:/oicr/x86_64/lib/jvm/jdk1.6.0_10/jre/lib/jce.jar:/oicr/x86_64/lib/jvm/jdk1.6.0_10/jre/lib/charsets.jar:/oicr/x86_64/lib/jvm/jdk1.6.0_10/jre/classes"/>
    <property name="java.vendor" value="Sun Microsystems Inc."/>
    <property name="maven.home" value="/usr/share/maven"/>
    <property name="file.separator" value="/"/>
    <property name="java.vendor.url.bug" value="http://java.sun.com/cgi-bin/bugreport.cgi"/>
    <property name="sun.cpu.endian" value="little"/>
    <property name="sun.io.unicode.encoding" value="UnicodeLittle"/>
    <property name="sun.cpu.isalist" value=""/>
  </properties>
  <testcase name="WorkflowRunTest_1_ZipperV2-1.0-SNAPSHOT" classname="ca.on.oicr.pde.common.WorkflowRunTest" time="0.217"/>
  <testcase name="WorkflowRunTest_0_ZipperV2-1.0-SNAPSHOT" classname="ca.on.oicr.pde.common.WorkflowRunTest" time="0.218"/>
  <testcase name="WorkflowRunTest_0_ZipperV2-1.0-SNAPSHOT" classname="ca.on.oicr.pde.common.WorkflowRunTest" time="80.823"/>
  <testcase name="WorkflowRunTest_1_ZipperV2-1.0-SNAPSHOT" classname="ca.on.oicr.pde.common.WorkflowRunTest" time="0.001"/>
  <testcase name="WorkflowRunTest_0_ZipperV2-1.0-SNAPSHOT" classname="ca.on.oicr.pde.common.WorkflowRunTest" time="0.002"/>
  <testcase name="WorkflowRunTest_1_ZipperV2-1.0-SNAPSHOT" classname="ca.on.oicr.pde.common.WorkflowRunTest" time="0.004"/>
  <testcase name="WorkflowRunTest_1_ZipperV2-1.0-SNAPSHOT" classname="ca.on.oicr.pde.common.WorkflowRunTest" time="0.205"/>
  <testcase name="WorkflowRunTest_0_ZipperV2-1.0-SNAPSHOT" classname="ca.on.oicr.pde.common.WorkflowRunTest" time="0.268"/>
</testsuite>